<?xml version="1.0" encoding="UTF-8"?>
<testsuite xmlns:xsi="http://www.w3.org/2001/XMLSchema-instance" xsi:noNamespaceSchemaLocation="https://maven.apache.org/surefire/maven-surefire-plugin/xsd/surefire-test-report-3.0.xsd" version="3.0" name="com.udacity.catpoint.secservice.service.SecurityServiceTests" time="1.425" tests="33" errors="0" skipped="0" failures="0">
  <properties>
    <property name="java.specification.version" value="20"/>
    <property name="sun.cpu.isalist" value="amd64"/>
    <property name="sun.jnu.encoding" value="Cp1252"/>
    <property name="java.class.path" value="D:\Code\cd0384-java-application-deployment-projectstarter-master\starter\catpoint-parent\security-service\target\test-classes;C:\Users\Sai\.m2\repository\com\google\guava\failureaccess\1.0.1\failureaccess-1.0.1.jar;C:\Users\Sai\.m2\repository\com\google\guava\listenablefuture\9999.0-empty-to-avoid-conflict-with-guava\listenablefuture-9999.0-empty-to-avoid-conflict-with-guava.jar;C:\Users\Sai\.m2\repository\com\google\code\findbugs\jsr305\3.0.2\jsr305-3.0.2.jar;C:\Users\Sai\.m2\repository\org\checkerframework\checker-qual\3.33.0\checker-qual-3.33.0.jar;C:\Users\Sai\.m2\repository\com\google\errorprone\error_prone_annotations\2.18.0\error_prone_annotations-2.18.0.jar;C:\Users\Sai\.m2\repository\com\google\j2objc\j2objc-annotations\2.8\j2objc-annotations-2.8.jar;C:\Users\Sai\.m2\repository\software\amazon\awssdk\annotations\2.20.152\annotations-2.20.152.jar;C:\Users\Sai\.m2\repository\software\amazon\awssdk\utils\2.20.152\utils-2.20.152.jar;C:\Users\Sai\.m2\repository\org\reactivestreams\reactive-streams\1.0.4\reactive-streams-1.0.4.jar;C:\Users\Sai\.m2\repository\software\amazon\awssdk\profiles\2.20.152\profiles-2.20.152.jar;C:\Users\Sai\.m2\repository\software\amazon\awssdk\http-client-spi\2.20.152\http-client-spi-2.20.152.jar;C:\Users\Sai\.m2\repository\software\amazon\awssdk\json-utils\2.20.152\json-utils-2.20.152.jar;C:\Users\Sai\.m2\repository\software\amazon\awssdk\third-party-jackson-core\2.20.152\third-party-jackson-core-2.20.152.jar;C:\Users\Sai\.m2\repository\software\amazon\eventstream\eventstream\1.0.1\eventstream-1.0.1.jar;C:\Users\Sai\.m2\repository\software\amazon\awssdk\aws-json-protocol\2.20.152\aws-json-protocol-2.20.152.jar;C:\Users\Sai\.m2\repository\software\amazon\awssdk\protocol-core\2.20.152\protocol-core-2.20.152.jar;C:\Users\Sai\.m2\repository\software\amazon\awssdk\aws-core\2.20.152\aws-core-2.20.152.jar;C:\Users\Sai\.m2\repository\software\amazon\awssdk\metrics-spi\2.20.152\metrics-spi-2.20.152.jar;C:\Users\Sai\.m2\repository\software\amazon\awssdk\endpoints-spi\2.20.152\endpoints-spi-2.20.152.jar;C:\Users\Sai\.m2\repository\software\amazon\awssdk\apache-client\2.20.152\apache-client-2.20.152.jar;C:\Users\Sai\.m2\repository\org\apache\httpcomponents\httpclient\4.5.13\httpclient-4.5.13.jar;C:\Users\Sai\.m2\repository\commons-logging\commons-logging\1.2\commons-logging-1.2.jar;C:\Users\Sai\.m2\repository\org\apache\httpcomponents\httpcore\4.4.13\httpcore-4.4.13.jar;C:\Users\Sai\.m2\repository\commons-codec\commons-codec\1.15\commons-codec-1.15.jar;C:\Users\Sai\.m2\repository\software\amazon\awssdk\netty-nio-client\2.20.152\netty-nio-client-2.20.152.jar;C:\Users\Sai\.m2\repository\io\netty\netty-codec-http\4.1.94.Final\netty-codec-http-4.1.94.Final.jar;C:\Users\Sai\.m2\repository\io\netty\netty-codec-http2\4.1.94.Final\netty-codec-http2-4.1.94.Final.jar;C:\Users\Sai\.m2\repository\io\netty\netty-codec\4.1.94.Final\netty-codec-4.1.94.Final.jar;C:\Users\Sai\.m2\repository\io\netty\netty-transport\4.1.94.Final\netty-transport-4.1.94.Final.jar;C:\Users\Sai\.m2\repository\io\netty\netty-common\4.1.94.Final\netty-common-4.1.94.Final.jar;C:\Users\Sai\.m2\repository\io\netty\netty-buffer\4.1.94.Final\netty-buffer-4.1.94.Final.jar;C:\Users\Sai\.m2\repository\io\netty\netty-handler\4.1.94.Final\netty-handler-4.1.94.Final.jar;C:\Users\Sai\.m2\repository\io\netty\netty-transport-native-unix-common\4.1.94.Final\netty-transport-native-unix-common-4.1.94.Final.jar;C:\Users\Sai\.m2\repository\io\netty\netty-transport-classes-epoll\4.1.94.Final\netty-transport-classes-epoll-4.1.94.Final.jar;C:\Users\Sai\.m2\repository\io\netty\netty-resolver\4.1.94.Final\netty-resolver-4.1.94.Final.jar;C:\Users\Sai\.m2\repository\org\junit\jupiter\junit-jupiter-api\5.10.0\junit-jupiter-api-5.10.0.jar;C:\Users\Sai\.m2\repository\org\opentest4j\opentest4j\1.3.0\opentest4j-1.3.0.jar;C:\Users\Sai\.m2\repository\org\junit\platform\junit-platform-commons\1.10.0\junit-platform-commons-1.10.0.jar;C:\Users\Sai\.m2\repository\org\apiguardian\apiguardian-api\1.1.2\apiguardian-api-1.1.2.jar;C:\Users\Sai\.m2\repository\org\junit\jupiter\junit-jupiter-params\5.10.0\junit-jupiter-params-5.10.0.jar;C:\Users\Sai\.m2\repository\org\mockito\mockito-junit-jupiter\5.5.0\mockito-junit-jupiter-5.5.0.jar;C:\Users\Sai\.m2\repository\org\mockito\mockito-core\5.5.0\mockito-core-5.5.0.jar;C:\Users\Sai\.m2\repository\net\bytebuddy\byte-buddy\1.14.6\byte-buddy-1.14.6.jar;C:\Users\Sai\.m2\repository\net\bytebuddy\byte-buddy-agent\1.14.6\byte-buddy-agent-1.14.6.jar;C:\Users\Sai\.m2\repository\org\objenesis\objenesis\3.3\objenesis-3.3.jar;"/>
    <property name="java.vm.vendor" value="Oracle Corporation"/>
    <property name="sun.arch.data.model" value="64"/>
    <property name="user.variant" value=""/>
    <property name="java.vendor.url" value="https://java.oracle.com/"/>
    <property name="user.timezone" value="Asia/Calcutta"/>
    <property name="os.name" value="Windows 11"/>
    <property name="java.vm.specification.version" value="20"/>
    <property name="sun.java.launcher" value="SUN_STANDARD"/>
    <property name="user.country" value="IN"/>
    <property name="sun.boot.library.path" value="C:\Program Files\Java\jdk-20\bin"/>
    <property name="sun.java.command" value="org.apache.maven.surefire.booter.ForkedBooter C:\Users\Sai\AppData\Local\Temp\surefire11105552589337591903 2023-09-26T10-21-06_056-jvmRun1 surefire-20230926102108071_1tmp surefire_0-20230926102108071_2tmp"/>
    <property name="jdk.debug" value="release"/>
    <property name="surefire.test.class.path" value="D:\Code\cd0384-java-application-deployment-projectstarter-master\starter\catpoint-parent\security-service\target\test-classes;C:\Users\Sai\.m2\repository\com\google\guava\failureaccess\1.0.1\failureaccess-1.0.1.jar;C:\Users\Sai\.m2\repository\com\google\guava\listenablefuture\9999.0-empty-to-avoid-conflict-with-guava\listenablefuture-9999.0-empty-to-avoid-conflict-with-guava.jar;C:\Users\Sai\.m2\repository\com\google\code\findbugs\jsr305\3.0.2\jsr305-3.0.2.jar;C:\Users\Sai\.m2\repository\org\checkerframework\checker-qual\3.33.0\checker-qual-3.33.0.jar;C:\Users\Sai\.m2\repository\com\google\errorprone\error_prone_annotations\2.18.0\error_prone_annotations-2.18.0.jar;C:\Users\Sai\.m2\repository\com\google\j2objc\j2objc-annotations\2.8\j2objc-annotations-2.8.jar;C:\Users\Sai\.m2\repository\software\amazon\awssdk\annotations\2.20.152\annotations-2.20.152.jar;C:\Users\Sai\.m2\repository\software\amazon\awssdk\utils\2.20.152\utils-2.20.152.jar;C:\Users\Sai\.m2\repository\org\reactivestreams\reactive-streams\1.0.4\reactive-streams-1.0.4.jar;C:\Users\Sai\.m2\repository\software\amazon\awssdk\profiles\2.20.152\profiles-2.20.152.jar;C:\Users\Sai\.m2\repository\software\amazon\awssdk\http-client-spi\2.20.152\http-client-spi-2.20.152.jar;C:\Users\Sai\.m2\repository\software\amazon\awssdk\json-utils\2.20.152\json-utils-2.20.152.jar;C:\Users\Sai\.m2\repository\software\amazon\awssdk\third-party-jackson-core\2.20.152\third-party-jackson-core-2.20.152.jar;C:\Users\Sai\.m2\repository\software\amazon\eventstream\eventstream\1.0.1\eventstream-1.0.1.jar;C:\Users\Sai\.m2\repository\software\amazon\awssdk\aws-json-protocol\2.20.152\aws-json-protocol-2.20.152.jar;C:\Users\Sai\.m2\repository\software\amazon\awssdk\protocol-core\2.20.152\protocol-core-2.20.152.jar;C:\Users\Sai\.m2\repository\software\amazon\awssdk\aws-core\2.20.152\aws-core-2.20.152.jar;C:\Users\Sai\.m2\repository\software\amazon\awssdk\metrics-spi\2.20.152\metrics-spi-2.20.152.jar;C:\Users\Sai\.m2\repository\software\amazon\awssdk\endpoints-spi\2.20.152\endpoints-spi-2.20.152.jar;C:\Users\Sai\.m2\repository\software\amazon\awssdk\apache-client\2.20.152\apache-client-2.20.152.jar;C:\Users\Sai\.m2\repository\org\apache\httpcomponents\httpclient\4.5.13\httpclient-4.5.13.jar;C:\Users\Sai\.m2\repository\commons-logging\commons-logging\1.2\commons-logging-1.2.jar;C:\Users\Sai\.m2\repository\org\apache\httpcomponents\httpcore\4.4.13\httpcore-4.4.13.jar;C:\Users\Sai\.m2\repository\commons-codec\commons-codec\1.15\commons-codec-1.15.jar;C:\Users\Sai\.m2\repository\software\amazon\awssdk\netty-nio-client\2.20.152\netty-nio-client-2.20.152.jar;C:\Users\Sai\.m2\repository\io\netty\netty-codec-http\4.1.94.Final\netty-codec-http-4.1.94.Final.jar;C:\Users\Sai\.m2\repository\io\netty\netty-codec-http2\4.1.94.Final\netty-codec-http2-4.1.94.Final.jar;C:\Users\Sai\.m2\repository\io\netty\netty-codec\4.1.94.Final\netty-codec-4.1.94.Final.jar;C:\Users\Sai\.m2\repository\io\netty\netty-transport\4.1.94.Final\netty-transport-4.1.94.Final.jar;C:\Users\Sai\.m2\repository\io\netty\netty-common\4.1.94.Final\netty-common-4.1.94.Final.jar;C:\Users\Sai\.m2\repository\io\netty\netty-buffer\4.1.94.Final\netty-buffer-4.1.94.Final.jar;C:\Users\Sai\.m2\repository\io\netty\netty-handler\4.1.94.Final\netty-handler-4.1.94.Final.jar;C:\Users\Sai\.m2\repository\io\netty\netty-transport-native-unix-common\4.1.94.Final\netty-transport-native-unix-common-4.1.94.Final.jar;C:\Users\Sai\.m2\repository\io\netty\netty-transport-classes-epoll\4.1.94.Final\netty-transport-classes-epoll-4.1.94.Final.jar;C:\Users\Sai\.m2\repository\io\netty\netty-resolver\4.1.94.Final\netty-resolver-4.1.94.Final.jar;C:\Users\Sai\.m2\repository\org\junit\jupiter\junit-jupiter-api\5.10.0\junit-jupiter-api-5.10.0.jar;C:\Users\Sai\.m2\repository\org\opentest4j\opentest4j\1.3.0\opentest4j-1.3.0.jar;C:\Users\Sai\.m2\repository\org\junit\platform\junit-platform-commons\1.10.0\junit-platform-commons-1.10.0.jar;C:\Users\Sai\.m2\repository\org\apiguardian\apiguardian-api\1.1.2\apiguardian-api-1.1.2.jar;C:\Users\Sai\.m2\repository\org\junit\jupiter\junit-jupiter-params\5.10.0\junit-jupiter-params-5.10.0.jar;C:\Users\Sai\.m2\repository\org\mockito\mockito-junit-jupiter\5.5.0\mockito-junit-jupiter-5.5.0.jar;C:\Users\Sai\.m2\repository\org\mockito\mockito-core\5.5.0\mockito-core-5.5.0.jar;C:\Users\Sai\.m2\repository\net\bytebuddy\byte-buddy\1.14.6\byte-buddy-1.14.6.jar;C:\Users\Sai\.m2\repository\net\bytebuddy\byte-buddy-agent\1.14.6\byte-buddy-agent-1.14.6.jar;C:\Users\Sai\.m2\repository\org\objenesis\objenesis\3.3\objenesis-3.3.jar;"/>
    <property name="sun.cpu.endian" value="little"/>
    <property name="user.home" value="C:\Users\Sai"/>
    <property name="user.language" value="en"/>
    <property name="java.specification.vendor" value="Oracle Corporation"/>
    <property name="jdk.module.path" value="D:\Code\cd0384-java-application-deployment-projectstarter-master\starter\catpoint-parent\security-service\target\classes;C:\Users\Sai\.m2\repository\com\miglayout\miglayout-swing\11.0\miglayout-swing-11.0.jar;C:\Users\Sai\.m2\repository\com\miglayout\miglayout-core\11.0\miglayout-core-11.0.jar;C:\Users\Sai\.m2\repository\com\google\code\gson\gson\2.10.1\gson-2.10.1.jar;C:\Users\Sai\.m2\repository\com\google\guava\guava\32.1.2-jre\guava-32.1.2-jre.jar;D:\Code\cd0384-java-application-deployment-projectstarter-master\starter\catpoint-parent\image-service\target\classes;C:\Users\Sai\.m2\repository\org\slf4j\slf4j-api\1.7.36\slf4j-api-1.7.36.jar;C:\Users\Sai\.m2\repository\software\amazon\awssdk\auth\2.20.152\auth-2.20.152.jar;C:\Users\Sai\.m2\repository\software\amazon\awssdk\sdk-core\2.20.152\sdk-core-2.20.152.jar;C:\Users\Sai\.m2\repository\software\amazon\awssdk\regions\2.20.152\regions-2.20.152.jar;C:\Users\Sai\.m2\repository\software\amazon\awssdk\rekognition\2.20.152\rekognition-2.20.152.jar"/>
    <property name="java.version.date" value="2023-07-18"/>
    <property name="java.home" value="C:\Program Files\Java\jdk-20"/>
    <property name="file.separator" value="\"/>
    <property name="basedir" value="D:\Code\cd0384-java-application-deployment-projectstarter-master\starter\catpoint-parent\security-service"/>
    <property name="java.vm.compressedOopsMode" value="Zero based"/>
    <property name="line.separator" value="&#10;"/>
    <property name="java.vm.specification.vendor" value="Oracle Corporation"/>
    <property name="java.specification.name" value="Java Platform API Specification"/>
    <property name="surefire.real.class.path" value="C:\Users\Sai\.m2\repository\org\apache\maven\surefire\surefire-api\3.1.2\surefire-api-3.1.2.jar;C:\Users\Sai\.m2\repository\org\apache\maven\surefire\surefire-booter\3.1.2\surefire-booter-3.1.2.jar;C:\Users\Sai\.m2\repository\org\apache\maven\surefire\surefire-extensions-spi\3.1.2\surefire-extensions-spi-3.1.2.jar;C:\Users\Sai\.m2\repository\org\apache\maven\surefire\surefire-logger-api\3.1.2\surefire-logger-api-3.1.2.jar;C:\Users\Sai\.m2\repository\org\apache\maven\surefire\surefire-shared-utils\3.1.2\surefire-shared-utils-3.1.2.jar;D:\Code\cd0384-java-application-deployment-projectstarter-master\starter\catpoint-parent\security-service\target\test-classes;C:\Users\Sai\.m2\repository\com\google\guava\failureaccess\1.0.1\failureaccess-1.0.1.jar;C:\Users\Sai\.m2\repository\com\google\guava\listenablefuture\9999.0-empty-to-avoid-conflict-with-guava\listenablefuture-9999.0-empty-to-avoid-conflict-with-guava.jar;C:\Users\Sai\.m2\repository\com\google\code\findbugs\jsr305\3.0.2\jsr305-3.0.2.jar;C:\Users\Sai\.m2\repository\org\checkerframework\checker-qual\3.33.0\checker-qual-3.33.0.jar;C:\Users\Sai\.m2\repository\com\google\errorprone\error_prone_annotations\2.18.0\error_prone_annotations-2.18.0.jar;C:\Users\Sai\.m2\repository\com\google\j2objc\j2objc-annotations\2.8\j2objc-annotations-2.8.jar;C:\Users\Sai\.m2\repository\software\amazon\awssdk\annotations\2.20.152\annotations-2.20.152.jar;C:\Users\Sai\.m2\repository\software\amazon\awssdk\utils\2.20.152\utils-2.20.152.jar;C:\Users\Sai\.m2\repository\org\reactivestreams\reactive-streams\1.0.4\reactive-streams-1.0.4.jar;C:\Users\Sai\.m2\repository\software\amazon\awssdk\profiles\2.20.152\profiles-2.20.152.jar;C:\Users\Sai\.m2\repository\software\amazon\awssdk\http-client-spi\2.20.152\http-client-spi-2.20.152.jar;C:\Users\Sai\.m2\repository\software\amazon\awssdk\json-utils\2.20.152\json-utils-2.20.152.jar;C:\Users\Sai\.m2\repository\software\amazon\awssdk\third-party-jackson-core\2.20.152\third-party-jackson-core-2.20.152.jar;C:\Users\Sai\.m2\repository\software\amazon\eventstream\eventstream\1.0.1\eventstream-1.0.1.jar;C:\Users\Sai\.m2\repository\software\amazon\awssdk\aws-json-protocol\2.20.152\aws-json-protocol-2.20.152.jar;C:\Users\Sai\.m2\repository\software\amazon\awssdk\protocol-core\2.20.152\protocol-core-2.20.152.jar;C:\Users\Sai\.m2\repository\software\amazon\awssdk\aws-core\2.20.152\aws-core-2.20.152.jar;C:\Users\Sai\.m2\repository\software\amazon\awssdk\metrics-spi\2.20.152\metrics-spi-2.20.152.jar;C:\Users\Sai\.m2\repository\software\amazon\awssdk\endpoints-spi\2.20.152\endpoints-spi-2.20.152.jar;C:\Users\Sai\.m2\repository\software\amazon\awssdk\apache-client\2.20.152\apache-client-2.20.152.jar;C:\Users\Sai\.m2\repository\org\apache\httpcomponents\httpclient\4.5.13\httpclient-4.5.13.jar;C:\Users\Sai\.m2\repository\commons-logging\commons-logging\1.2\commons-logging-1.2.jar;C:\Users\Sai\.m2\repository\org\apache\httpcomponents\httpcore\4.4.13\httpcore-4.4.13.jar;C:\Users\Sai\.m2\repository\commons-codec\commons-codec\1.15\commons-codec-1.15.jar;C:\Users\Sai\.m2\repository\software\amazon\awssdk\netty-nio-client\2.20.152\netty-nio-client-2.20.152.jar;C:\Users\Sai\.m2\repository\io\netty\netty-codec-http\4.1.94.Final\netty-codec-http-4.1.94.Final.jar;C:\Users\Sai\.m2\repository\io\netty\netty-codec-http2\4.1.94.Final\netty-codec-http2-4.1.94.Final.jar;C:\Users\Sai\.m2\repository\io\netty\netty-codec\4.1.94.Final\netty-codec-4.1.94.Final.jar;C:\Users\Sai\.m2\repository\io\netty\netty-transport\4.1.94.Final\netty-transport-4.1.94.Final.jar;C:\Users\Sai\.m2\repository\io\netty\netty-common\4.1.94.Final\netty-common-4.1.94.Final.jar;C:\Users\Sai\.m2\repository\io\netty\netty-buffer\4.1.94.Final\netty-buffer-4.1.94.Final.jar;C:\Users\Sai\.m2\repository\io\netty\netty-handler\4.1.94.Final\netty-handler-4.1.94.Final.jar;C:\Users\Sai\.m2\repository\io\netty\netty-transport-native-unix-common\4.1.94.Final\netty-transport-native-unix-common-4.1.94.Final.jar;C:\Users\Sai\.m2\repository\io\netty\netty-transport-classes-epoll\4.1.94.Final\netty-transport-classes-epoll-4.1.94.Final.jar;C:\Users\Sai\.m2\repository\io\netty\netty-resolver\4.1.94.Final\netty-resolver-4.1.94.Final.jar;C:\Users\Sai\.m2\repository\org\junit\jupiter\junit-jupiter-api\5.10.0\junit-jupiter-api-5.10.0.jar;C:\Users\Sai\.m2\repository\org\opentest4j\opentest4j\1.3.0\opentest4j-1.3.0.jar;C:\Users\Sai\.m2\repository\org\junit\platform\junit-platform-commons\1.10.0\junit-platform-commons-1.10.0.jar;C:\Users\Sai\.m2\repository\org\apiguardian\apiguardian-api\1.1.2\apiguardian-api-1.1.2.jar;C:\Users\Sai\.m2\repository\org\junit\jupiter\junit-jupiter-params\5.10.0\junit-jupiter-params-5.10.0.jar;C:\Users\Sai\.m2\repository\org\mockito\mockito-junit-jupiter\5.5.0\mockito-junit-jupiter-5.5.0.jar;C:\Users\Sai\.m2\repository\org\mockito\mockito-core\5.5.0\mockito-core-5.5.0.jar;C:\Users\Sai\.m2\repository\net\bytebuddy\byte-buddy\1.14.6\byte-buddy-1.14.6.jar;C:\Users\Sai\.m2\repository\net\bytebuddy\byte-buddy-agent\1.14.6\byte-buddy-agent-1.14.6.jar;C:\Users\Sai\.m2\repository\org\objenesis\objenesis\3.3\objenesis-3.3.jar;C:\Users\Sai\.m2\repository\org\apache\maven\surefire\surefire-junit-platform\3.1.2\surefire-junit-platform-3.1.2.jar;C:\Users\Sai\.m2\repository\org\apache\maven\surefire\common-java5\3.1.2\common-java5-3.1.2.jar;C:\Users\Sai\.m2\repository\org\junit\platform\junit-platform-launcher\1.10.0\junit-platform-launcher-1.10.0.jar;C:\Users\Sai\.m2\repository\org\junit\platform\junit-platform-engine\1.10.0\junit-platform-engine-1.10.0.jar;C:\Users\Sai\.m2\repository\org\junit\jupiter\junit-jupiter-engine\5.10.0\junit-jupiter-engine-5.10.0.jar"/>
    <property name="user.script" value=""/>
    <property name="sun.management.compiler" value="HotSpot 64-Bit Tiered Compilers"/>
    <property name="java.runtime.version" value="20.0.2+9-78"/>
    <property name="user.name" value="Sai"/>
    <property name="stdout.encoding" value="Cp1252"/>
    <property name="path.separator" value=";"/>
    <property name="os.version" value="10.0"/>
    <property name="java.runtime.name" value="Java(TM) SE Runtime Environment"/>
    <property name="file.encoding" value="UTF-8"/>
    <property name="java.vm.name" value="Java HotSpot(TM) 64-Bit Server VM"/>
    <property name="localRepository" value="C:\Users\Sai\.m2\repository"/>
    <property name="java.vendor.url.bug" value="https://bugreport.java.com/bugreport/"/>
    <property name="java.io.tmpdir" value="C:\Users\Sai\AppData\Local\Temp\"/>
    <property name="java.version" value="20.0.2"/>
    <property name="user.dir" value="D:\Code\cd0384-java-application-deployment-projectstarter-master\starter\catpoint-parent\security-service"/>
    <property name="os.arch" value="amd64"/>
    <property name="java.vm.specification.name" value="Java Virtual Machine Specification"/>
    <property name="sun.os.patch.level" value=""/>
    <property name="native.encoding" value="Cp1252"/>
    <property name="java.library.path" value="C:\Program Files\Java\jdk-20\bin;C:\WINDOWS\Sun\Java\bin;C:\WINDOWS\system32;C:\WINDOWS;C:\Program Files\Common Files\Oracle\Java\javapath;C:\WINDOWS\system32;C:\WINDOWS;C:\WINDOWS\System32\Wbem;C:\WINDOWS\System32\WindowsPowerShell\v1.0\;C:\WINDOWS\System32\OpenSSH\;C:\Program Files\Microsoft VS Code\bin;C:\Program Files\Microsoft SQL Server\150\Tools\Binn\;C:\Program Files\Microsoft SQL Server\Client SDK\ODBC\170\Tools\Binn\;C:\Program Files (x86)\Microsoft SQL Server\160\Tools\Binn\;C:\Program Files\Microsoft SQL Server\160\Tools\Binn\;C:\Program Files\Microsoft SQL Server\160\DTS\Binn\;C:\Program Files\Azure Data Studio\bin;C:\Program Files\dotnet\;C:\Program Files\Git\cmd;C:\Program Files\nodejs\;C:\Program Files\Java\apache-maven-3.9.4\bin;;C:\Program Files\Docker\Docker\resources\bin;C:\Users\Sai\AppData\Local\Microsoft\WindowsApps;C:\Program Files\Azure Data Studio\bin;C:\Users\Sai\.dotnet\tools;C:\Users\Sai\AppData\Roaming\npm;C:\Program Files\Java\apache-maven-3.9.4\bin;;."/>
    <property name="java.vm.info" value="mixed mode"/>
    <property name="stderr.encoding" value="Cp1252"/>
    <property name="java.vendor" value="Oracle Corporation"/>
    <property name="java.vm.version" value="20.0.2+9-78"/>
    <property name="sun.io.unicode.encoding" value="UnicodeLittle"/>
    <property name="java.class.version" value="64.0"/>
  </properties>
  <testcase name="verifyThatSystemWhenArmedHome_and_CatsAppear_NotifyHooman" classname="com.udacity.catpoint.secservice.service.SecurityServiceTests" time="1.175"/>
  <testcase name="codeCoverageForStatusListeners" classname="com.udacity.catpoint.secservice.service.SecurityServiceTests" time="0.005"/>
  <testcase name="verifyThatSystemIsAlarmed_when_SystemInActivePendingStateIsNotifiedByASensor(ArmingStatus, List)[1]" classname="com.udacity.catpoint.secservice.service.SecurityServiceTests" time="0.028"/>
  <testcase name="verifyThatSystemIsAlarmed_when_SystemInActivePendingStateIsNotifiedByASensor(ArmingStatus, List)[2]" classname="com.udacity.catpoint.secservice.service.SecurityServiceTests" time="0.005"/>
  <testcase name="verifyThatWhenSystemIsArmedHome_and_CatAppears_then_IntimateHooman" classname="com.udacity.catpoint.secservice.service.SecurityServiceTests" time="0.004"/>
  <testcase name="verifyThatSystemIsAlarmed_when_ANewSenorIsActivated_and_SystemIsInActivePendingState" classname="com.udacity.catpoint.secservice.service.SecurityServiceTests" time="0.006"/>
  <testcase name="verifyThatSystemIsAlarmed_when_ANewSenorIsActivated_and_SystemIsInActivePendingState" classname="com.udacity.catpoint.secservice.service.SecurityServiceTests" time="0.004"/>
  <testcase name="verifyThatSystemIsAlarmed_when_ANewSenorIsActivated_and_SystemIsInActivePendingState" classname="com.udacity.catpoint.secservice.service.SecurityServiceTests" time="0.005"/>
  <testcase name="verifyThatSystemIsAlarmed_when_ANewSenorIsActivated_and_SystemIsInActivePendingState" classname="com.udacity.catpoint.secservice.service.SecurityServiceTests" time="0.003"/>
  <testcase name="verifyThatSystemIsAlarmed_when_ANewSenorIsActivated_and_SystemIsInActivePendingState" classname="com.udacity.catpoint.secservice.service.SecurityServiceTests" time="0.005"/>
  <testcase name="verifyThatSystemIsInPendingState_when_AlarmIsArmed_and_SensorIsActivated(ArmingStatus, SensorType)[1]" classname="com.udacity.catpoint.secservice.service.SecurityServiceTests" time="0.004"/>
  <testcase name="verifyThatSystemIsInPendingState_when_AlarmIsArmed_and_SensorIsActivated(ArmingStatus, SensorType)[2]" classname="com.udacity.catpoint.secservice.service.SecurityServiceTests" time="0.003"/>
  <testcase name="verifyThatSystemIsInPendingState_when_AlarmIsArmed_and_SensorIsActivated(ArmingStatus, SensorType)[3]" classname="com.udacity.catpoint.secservice.service.SecurityServiceTests" time="0.003"/>
  <testcase name="verifyThatSystemIsInPendingState_when_AlarmIsArmed_and_SensorIsActivated(ArmingStatus, SensorType)[4]" classname="com.udacity.catpoint.secservice.service.SecurityServiceTests" time="0.004"/>
  <testcase name="verifyThatSystemIsInPendingState_when_AlarmIsArmed_and_SensorIsActivated(ArmingStatus, SensorType)[5]" classname="com.udacity.catpoint.secservice.service.SecurityServiceTests" time="0.003"/>
  <testcase name="verifyThatSystemIsInPendingState_when_AlarmIsArmed_and_SensorIsActivated(ArmingStatus, SensorType)[6]" classname="com.udacity.catpoint.secservice.service.SecurityServiceTests" time="0.003"/>
  <testcase name="codeCoverageForSensors" classname="com.udacity.catpoint.secservice.service.SecurityServiceTests" time="0.002"/>
  <testcase name="verifyThatWhenSystemIsArmedHome_and_CatAreDead_AlongWithNoActiveSenors_then_TurnOffAlarm" classname="com.udacity.catpoint.secservice.service.SecurityServiceTests" time="0.003"/>
  <testcase name="verifyThatIfSystemIsDisarmed_then_ThereIsNoAlarm" classname="com.udacity.catpoint.secservice.service.SecurityServiceTests" time="0.002"/>
  <testcase name="verifyThatSystemAlarmIsUnaffected_by_AChangeInSenorState(SensorType, boolean)[1]" classname="com.udacity.catpoint.secservice.service.SecurityServiceTests" time="0.015"/>
  <testcase name="verifyThatSystemAlarmIsUnaffected_by_AChangeInSenorState(SensorType, boolean)[2]" classname="com.udacity.catpoint.secservice.service.SecurityServiceTests" time="0.003"/>
  <testcase name="verifyThatSystemAlarmIsUnaffected_by_AChangeInSenorState(SensorType, boolean)[3]" classname="com.udacity.catpoint.secservice.service.SecurityServiceTests" time="0.004"/>
  <testcase name="verifyThatSystemAlarmIsUnaffected_by_AChangeInSenorState(SensorType, boolean)[4]" classname="com.udacity.catpoint.secservice.service.SecurityServiceTests" time="0.003"/>
  <testcase name="verifyThatSystemAlarmIsUnaffected_by_AChangeInSenorState(SensorType, boolean)[5]" classname="com.udacity.catpoint.secservice.service.SecurityServiceTests" time="0.003"/>
  <testcase name="verifyThatSystemAlarmIsUnaffected_by_AChangeInSenorState(SensorType, boolean)[6]" classname="com.udacity.catpoint.secservice.service.SecurityServiceTests" time="0.003"/>
  <testcase name="verifyThatSystemSenorsAreReset_when_ArmingStateChanges(ArmingStatus)[1]" classname="com.udacity.catpoint.secservice.service.SecurityServiceTests" time="0.004"/>
  <testcase name="verifyThatSystemSenorsAreReset_when_ArmingStateChanges(ArmingStatus)[2]" classname="com.udacity.catpoint.secservice.service.SecurityServiceTests" time="0.003"/>
  <testcase name="verifyThatWhenSenorIsDisabled_Then_AlarmRemainsUnaffected(SensorType)[1]" classname="com.udacity.catpoint.secservice.service.SecurityServiceTests" time="0.003"/>
  <testcase name="verifyThatWhenSenorIsDisabled_Then_AlarmRemainsUnaffected(SensorType)[2]" classname="com.udacity.catpoint.secservice.service.SecurityServiceTests" time="0.003"/>
  <testcase name="verifyThatWhenSenorIsDisabled_Then_AlarmRemainsUnaffected(SensorType)[3]" classname="com.udacity.catpoint.secservice.service.SecurityServiceTests" time="0.003"/>
  <testcase name="verifyThatSystemIsNotAlarmed_when_SystemInActivePendingStateHasNoSenorsEnabled(SensorType)[1]" classname="com.udacity.catpoint.secservice.service.SecurityServiceTests" time="0.003"/>
  <testcase name="verifyThatSystemIsNotAlarmed_when_SystemInActivePendingStateHasNoSenorsEnabled(SensorType)[2]" classname="com.udacity.catpoint.secservice.service.SecurityServiceTests" time="0.003"/>
  <testcase name="verifyThatSystemIsNotAlarmed_when_SystemInActivePendingStateHasNoSenorsEnabled(SensorType)[3]" classname="com.udacity.catpoint.secservice.service.SecurityServiceTests" time="0.002"/>
</testsuite>